<?xml version="1.0" encoding="utf-8"?><testsuites name="pytest tests"><testsuite name="pytest" errors="0" failures="0" skipped="0" tests="15" time="1.205" timestamp="2026-05-21T13:55:00.004145+00:00" hostname="agent-env-a08f2a50-348a-4708-b342-e8ca250a7e32"><testcase classname="backend.tests.test_getspot_api.TestHealth" name="test_root" time="0.228" /><testcase classname="backend.tests.test_getspot_api.TestHealth" name="test_me" time="0.067" /><testcase classname="backend.tests.test_getspot_api.TestHealth" name="test_spots" time="0.063" /><testcase classname="backend.tests.test_getspot_api.TestHealth" name="test_chats" time="0.063" /><testcase classname="backend.tests.test_getspot_api.TestHealth" name="test_messages" time="0.059" /><testcase classname="backend.tests.test_getspot_api.TestEventsTabs" name="test_overview_excludes_past_and_mine" time="0.069" /><testcase classname="backend.tests.test_getspot_api.TestEventsTabs" name="test_joined_returns_only_going" time="0.064" /><testcase classname="backend.tests.test_getspot_api.TestEventsTabs" name="test_past_returns_only_past" time="0.057" /><testcase classname="backend.tests.test_getspot_api.TestEventsTabs" name="test_mine_returns_only_me_hosted" time="0.058" /><testcase classname="backend.tests.test_getspot_api.TestEventTypeFilter" name="test_cultural_filter" time="0.058" /><testcase classname="backend.tests.test_getspot_api.TestEventTypeFilter" name="test_activity_filter" time="0.084" /><testcase classname="backend.tests.test_getspot_api.TestEventTypeFilter" name="test_all_returns_everything" time="0.062" /><testcase classname="backend.tests.test_getspot_api.TestEventTypeFilter" name="test_combined_overview_activity" time="0.062" /><testcase classname="backend.tests.test_getspot_api.TestEventDetail" name="test_get_event" time="0.060" /><testcase classname="backend.tests.test_getspot_api.TestEventDetail" name="test_event_not_found" time="0.060" /></testsuite></testsuites>