<?xml version="1.0" encoding="utf-8"?><testsuites name="pytest tests"><testsuite name="pytest" errors="0" failures="0" skipped="0" tests="15" time="1.569" timestamp="2026-05-21T13:20:28.802213+00:00" hostname="agent-env-a08f2a50-348a-4708-b342-e8ca250a7e32"><testcase classname="backend.tests.test_getspot_api" name="test_root" time="0.252" /><testcase classname="backend.tests.test_getspot_api" name="test_me_returns_budiarti" time="0.064" /><testcase classname="backend.tests.test_getspot_api" name="test_stories_returns_five" time="0.065" /><testcase classname="backend.tests.test_getspot_api" name="test_events_returns_five" time="0.065" /><testcase classname="backend.tests.test_getspot_api" name="test_events_category_filter" time="0.066" /><testcase classname="backend.tests.test_getspot_api" name="test_event_detail" time="0.059" /><testcase classname="backend.tests.test_getspot_api" name="test_event_not_found" time="0.062" /><testcase classname="backend.tests.test_getspot_api" name="test_event_going_toggle" time="0.185" /><testcase classname="backend.tests.test_getspot_api" name="test_create_event_inserts_at_top" time="0.130" /><testcase classname="backend.tests.test_getspot_api" name="test_spots_returns_eight" time="0.061" /><testcase classname="backend.tests.test_getspot_api" name="test_spots_category_filter" time="0.061" /><testcase classname="backend.tests.test_getspot_api" name="test_posts_for_me" time="0.065" /><testcase classname="backend.tests.test_getspot_api" name="test_chats_returns_five" time="0.061" /><testcase classname="backend.tests.test_getspot_api" name="test_chat_messages_c1" time="0.065" /><testcase classname="backend.tests.test_getspot_api" name="test_send_message_updates_preview" time="0.188" /></testsuite></testsuites>